[2023-11-01 11-40-57] Текст ошибки: Oshibka | Файл: /var/www/html/watch/public/index.php | Строка: 10 
 ============= 
[2023-11-01 11-42-02] Текст ошибки: Oshibka | Файл: /var/www/html/watch/public/index.php | Строка: 10 
 ============= 
[2023-11-01 11-42-05] Текст ошибки: Oshibka | Файл: /var/www/html/watch/public/index.php | Строка: 10 
 ============= 
[2023-11-01 11-42-23] Текст ошибки: Oshibka | Файл: /var/www/html/watch/public/index.php | Строка: 10 
 ============= 
[2023-11-01 11-42-33] Текст ошибки: Oshibka | Файл: /var/www/html/watch/public/index.php | Строка: 10 
 ============= 
[2023-11-01 11-47-49] Текст ошибки: Oshibka | Файл: /var/www/html/watch/public/index.php | Строка: 10 
 ============= 
[2023-11-01 11-47-56] Текст ошибки: Oshibka | Файл: /var/www/html/watch/public/index.php | Строка: 10 
 ============= 
[2023-11-01 11-48-03] Текст ошибки: Oshibka | Файл: /var/www/html/watch/public/index.php | Строка: 10 
 ============= 
[2023-11-01 11-50-58] Текст ошибки: Oshibka | Файл: /var/www/html/watch/public/index.php | Строка: 10 
 ============= 
[2023-11-01 11-51-00] Текст ошибки: Oshibka | Файл: /var/www/html/watch/public/index.php | Строка: 10 
 ============= 
[2023-11-01 11-51-06] Текст ошибки: Oshibka | Файл: /var/www/html/watch/public/index.php | Строка: 10 
 ============= 
[2023-11-01 12-59-43] Текст ошибки: Page not found | Файл: /var/www/html/watch/vendor/watch/core/Router.php | Строка: 31 
 ============= 
[2023-11-01 12-59-47] Текст ошибки: Page not found | Файл: /var/www/html/watch/vendor/watch/core/Router.php | Строка: 31 
 ============= 
[2023-11-01 12-59-57] Текст ошибки: Page not found | Файл: /var/www/html/watch/vendor/watch/core/Router.php | Строка: 31 
 ============= 
[2023-11-01 13-00-05] Текст ошибки: Page not found | Файл: /var/www/html/watch/vendor/watch/core/Router.php | Строка: 31 
 ============= 
[2023-11-01 13-00-24] Текст ошибки: Page not found | Файл: /var/www/html/watch/vendor/watch/core/Router.php | Строка: 31 
 ============= 
[2023-11-01 13-00-25] Текст ошибки: Page not found | Файл: /var/www/html/watch/vendor/watch/core/Router.php | Строка: 31 
 ============= 
[2023-11-01 13-00-26] Текст ошибки: Page not found | Файл: /var/www/html/watch/vendor/watch/core/Router.php | Строка: 31 
 ============= 
[2023-11-01 13-00-27] Текст ошибки: Page not found | Файл: /var/www/html/watch/vendor/watch/core/Router.php | Строка: 31 
 ============= 
[2023-11-01 13-00-58] Текст ошибки: Page not found | Файл: /var/www/html/watch/vendor/watch/core/Router.php | Строка: 31 
 ============= 
[2023-11-01 13-19-32] Текст ошибки: Контроллер app\controllers\ItemAddController не найден | Файл: /var/www/html/watch/vendor/watch/core/Router.php | Строка: 35 
 ============= 
[2023-11-01 13-24-31] Текст ошибки: Контроллер app\controllers\ItemAddController не найден | Файл: /var/www/html/watch/vendor/watch/core/Router.php | Строка: 36 
 ============= 
[2023-11-01 13-24-31] Текст ошибки: Контроллер app\controllers\ItemAddController не найден | Файл: /var/www/html/watch/vendor/watch/core/Router.php | Строка: 36 
 ============= 
[2023-11-01 13-24-42] Текст ошибки: Контроллер app\controllers\ItemAddController не найден | Файл: /var/www/html/watch/vendor/watch/core/Router.php | Строка: 36 
 ============= 
[2023-11-01 13-24-50] Текст ошибки: Контроллер app\controllers\ItemAddController не найден | Файл: /var/www/html/watch/vendor/watch/core/Router.php | Строка: 36 
 ============= 
[2023-11-01 13-27-35] Текст ошибки: Контроллер app\controllers\ItemAddController не найден | Файл: /var/www/html/watch/vendor/watch/core/Router.php | Строка: 36 
 ============= 
[2023-11-01 13-27-36] Текст ошибки: Контроллер app\controllers\ItemAddController не найден | Файл: /var/www/html/watch/vendor/watch/core/Router.php | Строка: 36 
 ============= 
[2023-11-01 13-27-46] Текст ошибки: Контроллер app\controllers\MainController не найден | Файл: /var/www/html/watch/vendor/watch/core/Router.php | Строка: 36 
 ============= 
[2023-11-01 13-32-38] Текст ошибки: Метод addAction в контроллере app\controllers\ItemController не найден | Файл: /var/www/html/watch/vendor/watch/core/Router.php | Строка: 38 
 ============= 
[2023-11-01 13-33-31] Текст ошибки: Метод indexAction в контроллере app\controllers\MainController не найден | Файл: /var/www/html/watch/vendor/watch/core/Router.php | Строка: 38 
 ============= 
